<?xml version="1.0" encoding="UTF-8"?>
<!-- Generated by org.testng.reporters.JUnitXMLReporter -->
<testsuite ignored="1" hostname="LAPTOP-00TCO18I" failures="1" tests="1" name="Surefire test" time="14.144" errors="0" timestamp="2025-05-29T00:02:03 IST">
  <testcase classname="com.amazon.qa.tests.SignInPageTest" name="LogTestwith_InValidCredentials" time="0.0">
    <failure type="org.testng.TestNGException" message="
Parameter &amp;apos;InvalidMobileNumber&amp;apos; is required by @Test on method LogTestwith_InValidCredentials but has not been marked @Optional or defined
">
      <![CDATA[org.testng.TestNGException: 
Parameter 'InvalidMobileNumber' is required by @Test on method LogTestwith_InValidCredentials but has not been marked @Optional or defined

at java.base/java.util.ArrayList.forEach(ArrayList.java:1596)
... Removed 31 stack frames]]>
    </failure>
  </testcase> <!-- LogTestwith_InValidCredentials -->
  <testcase classname="com.amazon.qa.tests.BaseTest" name="@BeforeTest InitializeBrowser" time="0.0">
    <ignored/>
  </testcase> <!-- @BeforeTest InitializeBrowser -->
</testsuite> <!-- Surefire test -->
