<?xml version="1.0" encoding="UTF-8"?>
<!-- Generated by org.testng.reporters.JUnitXMLReporter -->
<testsuite ignored="2" hostname="LAPTOP-00TCO18I" failures="0" tests="5" name="Default test" time="93.127" errors="0" timestamp="2025-07-05T12:29:04 IST">
  <testcase classname="com.amazon.qa.tests.SignInPageTest" name="SignInwith_InValidCredentials2" time="17.486"/>
  <testcase classname="com.amazon.qa.tests.SignInPageTest" name="SignInwith_InValidCredentials2" time="4.596"/>
  <testcase classname="com.amazon.qa.tests.SignInPageTest" name="SignInwith_InValidCredentials2" time="19.552"/>
  <testcase classname="com.amazon.qa.tests.SignInPageTest" name="SignInwith_InValidCredentials2" time="17.447"/>
  <testcase classname="com.amazon.qa.tests.SignInPageTest" name="SignInwith_InValidCredentials2" time="18.472"/>
  <testcase classname="com.amazon.qa.tests.SignInPageTest" name="SignInwith_InValidCredentials" time="0.0">
    <ignored/>
  </testcase> <!-- SignInwith_InValidCredentials -->
  <testcase classname="com.amazon.qa.tests.SignInPageTest" name="SignInwith_ValidCredentials" time="0.0">
    <ignored/>
  </testcase> <!-- SignInwith_ValidCredentials -->
</testsuite> <!-- Default test -->
