<?xml version="1.0" encoding="UTF-8"?>
<!-- Generated by org.testng.reporters.JUnitXMLReporter -->
<testsuite ignored="0" hostname="LAPTOP-00TCO18I" failures="0" tests="9" name="Amazon Test Case Execution" time="123.668" errors="0" timestamp="2025-06-15T23:48:18 IST">
  <testcase classname="com.amazon.qa.tests.HomePageTest" name="CaptureFielsInDigitalContent" time="14.008"/>
  <testcase classname="com.amazon.qa.tests.SignInPageTest" name="SignInwith_InValidCredentials" time="5.091">
    <skipped/>
  </testcase> <!-- SignInwith_InValidCredentials -->
  <testcase classname="com.amazon.qa.tests.SignInPageTest" name="SignInwith_InValidCredentials" time="6.187"/>
  <testcase classname="com.amazon.qa.tests.SignInPageTest" name="SignInwith_InValidCredentials" time="5.233"/>
  <testcase classname="com.amazon.qa.tests.SignInPageTest" name="SignInwith_InValidCredentials" time="4.517"/>
  <testcase classname="com.amazon.qa.tests.SignInPageTest" name="SignInwith_InValidCredentials" time="5.031"/>
  <testcase classname="com.amazon.qa.tests.SignInPageTest" name="SignInwith_InValidCredentials" time="4.521"/>
  <testcase classname="com.amazon.qa.tests.HomePageTest" name="test2" time="25.054"/>
  <testcase classname="com.amazon.qa.tests.SignInPageTest" name="SignInwith_ValidCredentials" time="8.4"/>
</testsuite> <!-- Amazon Test Case Execution -->
