<?xml version="1.0" encoding="UTF-8"?>
<!-- Generated by org.testng.reporters.JUnitXMLReporter -->
<testsuite ignored="0" hostname="LAPTOP-00TCO18I" failures="0" tests="2" name="Amazon Test Case Execution" time="29.689" errors="0" timestamp="2025-06-19T23:16:02 IST">
  <testcase classname="com.amazon.qa.tests.HomePageTest" name="CaptureFielsInDigitalContent" time="5.948"/>
  <testcase classname="com.amazon.qa.tests.HomePageTest" name="test2" time="18.343"/>
</testsuite> <!-- Amazon Test Case Execution -->
