<?xml version="1.0" encoding="UTF-8"?>
<testng-results ignored="2" total="7" passed="5" failed="0" skipped="0">
  <reporter-output>
  </reporter-output>
  <suite started-at="2025-07-05T12:27:31 IST" name="Default suite" finished-at="2025-07-05T12:29:04 IST" duration-ms="93127">
    <groups>
    </groups>
    <test started-at="2025-07-05T12:27:31 IST" name="Default test" finished-at="2025-07-05T12:29:04 IST" duration-ms="93127">
      <class name="com.amazon.qa.tests.SignInPageTest">
        <test-method is-config="true" signature="LaunchApplication()[pri:0, instance:com.amazon.qa.tests.SignInPageTest@1ce24091]" started-at="2025-07-05T12:27:31 IST" name="LaunchApplication" finished-at="2025-07-05T12:27:34 IST" duration-ms="3412" status="PASS">
          <reporter-output>
          </reporter-output>
        </test-method> <!-- LaunchApplication -->
        <test-method signature="SignInwith_InValidCredentials2(java.util.HashMap)[pri:0, instance:com.amazon.qa.tests.SignInPageTest@1ce24091]" started-at="2025-07-05T12:27:34 IST" name="SignInwith_InValidCredentials2" data-provider="getTestdataFromJson" finished-at="2025-07-05T12:27:52 IST" duration-ms="17486" status="PASS">
          <params>
            <param index="0">
              <value>
                <![CDATA[{ExpectedErrorMessage=Invalid mobile number, Input=70311333, ErrorMessageXpath=Invalid mobile number}]]>
              </value>
            </param>
          </params>
          <reporter-output>
          </reporter-output>
        </test-method> <!-- SignInwith_InValidCredentials2 -->
        <test-method is-config="true" signature="tearDown()[pri:0, instance:com.amazon.qa.tests.SignInPageTest@1ce24091]" started-at="2025-07-05T12:27:52 IST" name="tearDown" finished-at="2025-07-05T12:27:52 IST" duration-ms="231" status="PASS">
          <reporter-output>
          </reporter-output>
        </test-method> <!-- tearDown -->
        <test-method is-config="true" signature="LaunchApplication()[pri:0, instance:com.amazon.qa.tests.SignInPageTest@1ce24091]" started-at="2025-07-05T12:27:52 IST" name="LaunchApplication" finished-at="2025-07-05T12:27:55 IST" duration-ms="2515" status="PASS">
          <reporter-output>
          </reporter-output>
        </test-method> <!-- LaunchApplication -->
        <test-method signature="SignInwith_InValidCredentials2(java.util.HashMap)[pri:0, instance:com.amazon.qa.tests.SignInPageTest@1ce24091]" started-at="2025-07-05T12:27:55 IST" name="SignInwith_InValidCredentials2" data-provider="getTestdataFromJson" finished-at="2025-07-05T12:27:59 IST" duration-ms="4596" status="PASS">
          <params>
            <param index="0">
              <value>
                <![CDATA[{ExpectedErrorMessage=Invalid email address., Input=AK336@, ErrorMessageXpath=Invalid email address.}]]>
              </value>
            </param>
          </params>
          <reporter-output>
          </reporter-output>
        </test-method> <!-- SignInwith_InValidCredentials2 -->
        <test-method is-config="true" signature="tearDown()[pri:0, instance:com.amazon.qa.tests.SignInPageTest@1ce24091]" started-at="2025-07-05T12:27:59 IST" name="tearDown" finished-at="2025-07-05T12:27:59 IST" duration-ms="197" status="PASS">
          <reporter-output>
          </reporter-output>
        </test-method> <!-- tearDown -->
        <test-method is-config="true" signature="LaunchApplication()[pri:0, instance:com.amazon.qa.tests.SignInPageTest@1ce24091]" started-at="2025-07-05T12:27:59 IST" name="LaunchApplication" finished-at="2025-07-05T12:28:03 IST" duration-ms="3217" status="PASS">
          <reporter-output>
          </reporter-output>
        </test-method> <!-- LaunchApplication -->
        <test-method signature="SignInwith_InValidCredentials2(java.util.HashMap)[pri:0, instance:com.amazon.qa.tests.SignInPageTest@1ce24091]" started-at="2025-07-05T12:28:03 IST" name="SignInwith_InValidCredentials2" data-provider="getTestdataFromJson" finished-at="2025-07-05T12:28:22 IST" duration-ms="19552" status="PASS">
          <params>
            <param index="0">
              <value>
                <![CDATA[{ExpectedErrorMessage=Invalid email address., Input=!@$@#, ErrorMessageXpath=Invalid email address.}]]>
              </value>
            </param>
          </params>
          <reporter-output>
          </reporter-output>
        </test-method> <!-- SignInwith_InValidCredentials2 -->
        <test-method is-config="true" signature="tearDown()[pri:0, instance:com.amazon.qa.tests.SignInPageTest@1ce24091]" started-at="2025-07-05T12:28:22 IST" name="tearDown" finished-at="2025-07-05T12:28:22 IST" duration-ms="233" status="PASS">
          <reporter-output>
          </reporter-output>
        </test-method> <!-- tearDown -->
        <test-method is-config="true" signature="LaunchApplication()[pri:0, instance:com.amazon.qa.tests.SignInPageTest@1ce24091]" started-at="2025-07-05T12:28:22 IST" name="LaunchApplication" finished-at="2025-07-05T12:28:25 IST" duration-ms="2127" status="PASS">
          <reporter-output>
          </reporter-output>
        </test-method> <!-- LaunchApplication -->
        <test-method signature="SignInwith_InValidCredentials2(java.util.HashMap)[pri:0, instance:com.amazon.qa.tests.SignInPageTest@1ce24091]" started-at="2025-07-05T12:28:25 IST" name="SignInwith_InValidCredentials2" data-provider="getTestdataFromJson" finished-at="2025-07-05T12:28:42 IST" duration-ms="17447" status="PASS">
          <params>
            <param index="0">
              <value>
                <![CDATA[{ExpectedErrorMessage=Invalid email address., Input=Err123, ErrorMessageXpath=Invalid email address.}]]>
              </value>
            </param>
          </params>
          <reporter-output>
          </reporter-output>
        </test-method> <!-- SignInwith_InValidCredentials2 -->
        <test-method is-config="true" signature="tearDown()[pri:0, instance:com.amazon.qa.tests.SignInPageTest@1ce24091]" started-at="2025-07-05T12:28:42 IST" name="tearDown" finished-at="2025-07-05T12:28:42 IST" duration-ms="313" status="PASS">
          <reporter-output>
          </reporter-output>
        </test-method> <!-- tearDown -->
        <test-method is-config="true" signature="LaunchApplication()[pri:0, instance:com.amazon.qa.tests.SignInPageTest@1ce24091]" started-at="2025-07-05T12:28:42 IST" name="LaunchApplication" finished-at="2025-07-05T12:28:45 IST" duration-ms="2712" status="PASS">
          <reporter-output>
          </reporter-output>
        </test-method> <!-- LaunchApplication -->
        <test-method signature="SignInwith_InValidCredentials2(java.util.HashMap)[pri:0, instance:com.amazon.qa.tests.SignInPageTest@1ce24091]" started-at="2025-07-05T12:28:45 IST" name="SignInwith_InValidCredentials2" data-provider="getTestdataFromJson" finished-at="2025-07-05T12:29:04 IST" duration-ms="18472" status="PASS">
          <params>
            <param index="0">
              <value>
                <![CDATA[{ExpectedErrorMessage=Enter your mobile number or email, Input= , ErrorMessageXpath=Enter your mobile number or email}]]>
              </value>
            </param>
          </params>
          <reporter-output>
          </reporter-output>
        </test-method> <!-- SignInwith_InValidCredentials2 -->
        <test-method is-config="true" signature="tearDown()[pri:0, instance:com.amazon.qa.tests.SignInPageTest@1ce24091]" started-at="2025-07-05T12:29:04 IST" name="tearDown" finished-at="2025-07-05T12:29:04 IST" duration-ms="328" status="PASS">
          <reporter-output>
          </reporter-output>
        </test-method> <!-- tearDown -->
      </class> <!-- com.amazon.qa.tests.SignInPageTest -->
    </test> <!-- Default test -->
  </suite> <!-- Default suite -->
</testng-results>
